<?xml version="1.0" encoding="UTF-8"?>
<!-- Generated by org.testng.reporters.JUnitReportReporter -->
<testsuite hostname="BDC6-L-1BXWD63" failures="0" tests="1" name="Com.NewTours.TestCases.RegisterPageTest" time="28.097" errors="0" timestamp="2023-03-22T10:36:41 IST" skipped="0">
  <testcase classname="Com.NewTours.TestCases.RegisterPageTest" name="verifyHomePageTest" time="28.097"/>
  <system-out/>
</testsuite> <!-- Com.NewTours.TestCases.RegisterPageTest -->
